Arguments: 
  /Users/mahir/.nvm/versions/node/v16.10.0/bin/node /Users/mahir/.nvm/versions/node/v16.10.0/bin/yarn global bin

PATH: 
  /Users/mahir/.nvm/versions/node/v16.10.0/bin:/Users/mahir/.local/share/solana/install/active_release/bin:/Library/Frameworks/Python.framework/Versions/3.10/bin:/opt/local/bin:/opt/local/sbin:/usr/local/bin:/System/Cryptexes/App/usr/bin:/usr/bin:/bin:/usr/sbin:/sbin:/usr/local/go/bin:/Applications/Postgres.app/Contents/Versions/latest/bin:/Users/mahir/opt/anaconda3/bin:/Users/mahir/opt/anaconda3/condabin:/Users/mahir/.pyenv/shims:/Users/mahir/.nvm/versions/node/v16.10.0/bin:/Users/mahir/.local/share/solana/install/active_release/bin:/Library/Frameworks/Python.framework/Versions/3.10/bin:/opt/local/bin:/opt/local/sbin:/Users/mahir/.cargo/bin:/usr/local/bin

Yarn version: 
  1.22.17

Node version: 
  16.10.0

Platform: 
  darwin x64

Trace: 
  SyntaxError: /Users/mahir/Desktop/fix-master/market-seon-main-api/package.json: Unexpected token < in JSON at position 135
      at JSON.parse (<anonymous>)
      at /Users/mahir/.nvm/versions/node/v16.10.0/lib/node_modules/yarn/lib/cli.js:1625:59
      at Generator.next (<anonymous>)
      at step (/Users/mahir/.nvm/versions/node/v16.10.0/lib/node_modules/yarn/lib/cli.js:310:30)
      at /Users/mahir/.nvm/versions/node/v16.10.0/lib/node_modules/yarn/lib/cli.js:321:13

npm manifest: 
  {
    "name": "auth-api-marketseon-typescript",
    "version": "1.0.0",
    "description": "Auth API ",
    "main": "index.js",
    "scripts": {
  <<<<<<< HEAD
      "dev": "ts-node-dev --respawn --transpile-only src/app.ts"
  =======
      "dev": "ts-node-dev --respawn --transpile-only src/app.ts",
      "test": "jest --watch"
  >>>>>>> 05595e4 (register done)
    },
    "keywords": [
      "API"
    ],
    "author": "Mahir Mulaomerovic",
    "license": "ISC",
    "dependencies": {
      "@prisma/client": "^4.3.1",
      "@types/config": "^3.3.0",
      "@types/express": "^4.17.13",
      "@types/jsonwebtoken": "^8.5.9",
      "bcrypt": "^5.0.1",
      "cors": "^2.8.5",
      "dotenv": "^16.0.2",
      "email-validator": "^2.0.4",
      "express": "^4.18.1",
      "express-async-handler": "^1.2.0",
      "express-session": "^1.17.3",
      "googleapis": "^107.0.0",
      "http-status-codes": "^2.2.0",
      "jsonwebtoken": "^8.5.1",
      "nodemailer": "^6.7.8",
      "password-validator": "^5.3.0",
      "speakeasy": "^2.0.0",
      "ts-node-dev": "^2.0.0",
      "winston": "^3.8.1",
      "winston-daily-rotate-file": "^4.7.1"
    },
    "devDependencies": {
      "@types/bcrypt": "^5.0.0",
      "@types/cors": "^2.8.12",
      "prisma": "^4.3.1"
    }
  }

yarn manifest: 
  No manifest

Lockfile: 
  No lockfile
